<?xml version="1.0" encoding="UTF-8"?>
<!-- Generated by org.testng.reporters.JUnitXMLReporter -->
<testsuite hostname="LAPTOP-SMH156D6" ignored="0" name="testngTest" tests="5" failures="1" timestamp="2019-12-11T14:04:29 EST" time="38.441" errors="0">
  <testcase name="googleTitleTest" time="0.027" classname="Com.TestNG.GoogleTest"/>
  <testcase name="Logintest" time="0.001" classname="Com.TestNG.Dependsonmethodconcept">
    <failure type="java.lang.ArithmeticException" message="/ by zero">
      <![CDATA[java.lang.ArithmeticException: / by zero
at Com.TestNG.Dependsonmethodconcept.Logintest(Dependsonmethodconcept.java:10)
at java.util.ArrayList.forEach(Unknown Source)
... Removed 27 stack frames]]>
    </failure>
  </testcase> <!-- Logintest -->
  <testcase name="Homepage" time="0.0" classname="Com.TestNG.Dependsonmethodconcept">
    <skipped/>
  </testcase> <!-- Homepage -->
  <testcase name="Logout" time="0.004" classname="Com.TestNG.Dependsonmethodconcept"/>
  <testcase name="Search" time="0.0" classname="Com.TestNG.Dependsonmethodconcept">
    <skipped/>
  </testcase> <!-- Search -->
</testsuite> <!-- testngTest -->
